<?xml version="1.0" encoding="UTF-8"?>
<testng-results ignored="0" total="1" passed="1" failed="0" skipped="0">
  <reporter-output>
  </reporter-output>
  <suite started-at="2020-08-05T23:06:04 EET" name="Default suite" finished-at="2020-08-05T23:12:24 EET" duration-ms="380167">
    <groups>
    </groups>
    <test started-at="2020-08-05T23:06:04 EET" name="Default test" finished-at="2020-08-05T23:12:24 EET" duration-ms="380167">
      <class name="tests.HomeTest">
        <test-method is-config="true" signature="StartDriver(java.lang.String)[pri:0, instance:tests.HomeTest@7748410a]" started-at="2020-08-05T23:05:33 EET" name="StartDriver" finished-at="2020-08-05T23:06:04 EET" duration-ms="30541" status="PASS">
          <params>
            <param index="0">
              <value>
                <![CDATA[chrome]]>
              </value>
            </param>
          </params>
          <reporter-output>
          </reporter-output>
        </test-method> <!-- StartDriver -->
        <test-method signature="Test()[pri:0, instance:tests.HomeTest@7748410a]" started-at="2020-08-05T23:06:04 EET" name="Test" finished-at="2020-08-05T23:12:24 EET" duration-ms="380127" status="PASS">
          <reporter-output>
          </reporter-output>
        </test-method> <!-- Test -->
        <test-method is-config="true" signature="ScreenShot(org.testng.ITestResult)[pri:0, instance:tests.HomeTest@7748410a]" started-at="2020-08-05T23:12:24 EET" name="ScreenShot" finished-at="2020-08-05T23:12:24 EET" duration-ms="1" status="PASS">
          <params>
            <param index="0">
              <value>
                <![CDATA[[TestResult name=Test status=SUCCESS method=HomeTest.Test()[pri:0, instance:tests.HomeTest@7748410a] output={null}]]]>
              </value>
            </param>
          </params>
          <reporter-output>
          </reporter-output>
        </test-method> <!-- ScreenShot -->
      </class> <!-- tests.HomeTest -->
    </test> <!-- Default test -->
  </suite> <!-- Default suite -->
</testng-results>
